Arguments: 
  C:\Program Files\nodejs\node.exe C:\Users\teixeira\AppData\Roaming\npm\node_modules\yarn\bin\yarn.js add @openzepellin/contracts

PATH: 
  C:\Users\teixeira\bin;C:\Program Files\Git\mingw64\bin;C:\Program Files\Git\usr\local\bin;C:\Program Files\Git\usr\bin;C:\Program Files\Git\usr\bin;C:\Program Files\Git\mingw64\bin;C:\Program Files\Git\usr\bin;C:\Users\teixeira\bin;C:\Program Files\Amazon Corretto\jdk17.0.1_12\bin;C:\Program Files\Amazon Corretto\jdk16.0.2_7\bin;C:\Program Files\Amazon Corretto\jdk15.0.2_7\bin;C:\Program Files\Amazon Corretto\jdk11.0.13_8\bin;C:\Program Files\Amazon Corretto\jdk1.8.0_312\bin;C:\Python310\Scripts;C:\Python310;C:\Windows\system32;C:\Windows;C:\Windows\System32\Wbem;C:\Windows\System32\WindowsPowerShell\v1.0;C:\Windows\System32\OpenSSH;C:\Program Files\NVIDIA Corporation\NVIDIA NvDLISR;C:\Program Files (x86)\NVIDIA Corporation\PhysX\Common;C:\Program Files\Mullvad VPN\resources;C:\Program Files\Microsoft VS Code\bin;C:\Program Files\nodejs;C:\ProgramData\chocolatey\bin;G:\Tools\Gradle\bin;G:\Tools\Maven\bin;C:\Program Files\Git\cmd;G:\Tools\go-ipfs;C:\Users\teixeira\AppData\Local\Microsoft\WindowsApps;C:\Users\teixeira\AppData\Roaming\npm;C:\Users\teixeira\AppData\Local\GitHubDesktop\bin;C:\Users\teixeira\AppData\Local\Programs\IPFS Desktop\resources\app.asar.unpacked\src\ipfs-on-path\scripts\bin-win;C:\Program Files\Git\usr\bin\vendor_perl;C:\Program Files\Git\usr\bin\core_perl

Yarn version: 
  1.22.17

Node version: 
  16.13.1

Platform: 
  win32 x64

Trace: 
  Error: https://registry.yarnpkg.com/@openzepellin%2fcontracts: Not found
      at Request.params.callback [as _callback] (C:\Users\teixeira\AppData\Roaming\npm\node_modules\yarn\lib\cli.js:67029:18)
      at Request.self.callback (C:\Users\teixeira\AppData\Roaming\npm\node_modules\yarn\lib\cli.js:140883:22)
      at Request.emit (node:events:390:28)
      at Request.<anonymous> (C:\Users\teixeira\AppData\Roaming\npm\node_modules\yarn\lib\cli.js:141855:10)
      at Request.emit (node:events:390:28)
      at IncomingMessage.<anonymous> (C:\Users\teixeira\AppData\Roaming\npm\node_modules\yarn\lib\cli.js:141777:12)
      at Object.onceWrapper (node:events:509:28)
      at IncomingMessage.emit (node:events:402:35)
      at endReadableNT (node:internal/streams/readable:1343:12)
      at processTicksAndRejections (node:internal/process/task_queues:83:21)

npm manifest: 
  {
    "name": "basic-nft-collection-template",
    "version": "1.0.0",
    "main": "index.js",
    "repository": "https://github.com/gustavoteixeiradev/basic-nft-collection-template.git",
    "author": "Gustavo Teixeira <contact@gustavoteixeira.dev>",
    "license": "MIT"
  }

yarn manifest: 
  No manifest

Lockfile: 
  No lockfile
